warning: not writing modified lock file of flake 'git+file:///home/gguy/Source/buildbuild/PULL':
• Added input 'flake-parts':
    'github:hercules-ci/flake-parts/80daad04eddbbf5a4d883996a73f3f542fa437ac?narHash=sha256-PVvu7OqHBGWN16zSi6tEmPwwHQ4rLPU9Plvs8/1TUBY%3D' (2026-01-11)
• Added input 'flake-parts/nixpkgs-lib':
    'github:nix-community/nixpkgs.lib/2075416fcb47225d9b68ac469a5c4801a9c4dd85?narHash=sha256-k00uTP4JNfmejrCLJOwdObYC9jHRrr/5M/a/8L2EIdo%3D' (2025-12-14)
• Removed input 'flake-utils'
• Removed input 'flake-utils/systems'
• Added input 'src':
    'git+ssh://git@github.com/NerdGGuy/PROJ?ref=refs/heads/main&rev=113d6a3ec89a4d787f9b75ba6823c6b44ed3d4b4' (2026-01-30)
this derivation will be built:
  /nix/store/b5b863l6y84cpjx968rl8bv7y9hj3h2r-PROJ-debug-0.0.0-113d6a3.drv
building '/nix/store/b5b863l6y84cpjx968rl8bv7y9hj3h2r-PROJ-debug-0.0.0-113d6a3.drv'...
PROJ-debug> Running phase: unpackPhase
PROJ-debug> unpacking source archive /nix/store/r50ahfacm61bsi92dqrihzqm8dzhs66i-source
PROJ-debug> source root is source
PROJ-debug> Running phase: patchPhase
PROJ-debug> Running phase: updateAutotoolsGnuConfigScriptsPhase
PROJ-debug> Running phase: configurePhase
PROJ-debug> no configure script, doing nothing
PROJ-debug> Running phase: buildPhase
PROJ-debug> build flags: SHELL=/nix/store/f15k3dpilmiyv6zgpib289rnjykgr1r4-bash-5.3p9/bin/bash VARIANT=debug CXX=/nix/store/6n5r46icm0bl55s9p5z2zgcv93m39r5l-clang-wrapper-21.1.8/bin/clang++ CC=/nix/store/6n5r46icm0bl55s9p5z2zgcv93m39r5l-clang-wrapper-21.1.8/bin/clang AR=/nix/store/5chxlq8nygpr9y6y9y9aqc3fsa28ng8w-llvm-21.1.8/bin/llvm-ar
PROJ-debug> mkdir -p build/debug/lib
PROJ-debug> /nix/store/6n5r46icm0bl55s9p5z2zgcv93m39r5l-clang-wrapper-21.1.8/bin/clang++ -std=c++17 -Wall -Wextra -Wpedantic -Og -g3 -fno-omit-frame-pointer -c src/lib/calculator.cpp -o build/debug/lib/calculator.o
PROJ-debug> /nix/store/5chxlq8nygpr9y6y9y9aqc3fsa28ng8w-llvm-21.1.8/bin/llvm-ar rcs build/debug/libcalculator.a build/debug/lib/calculator.o
PROJ-debug> mkdir -p build/debug/apps
PROJ-debug> /nix/store/6n5r46icm0bl55s9p5z2zgcv93m39r5l-clang-wrapper-21.1.8/bin/clang++ -std=c++17 -Wall -Wextra -Wpedantic -Og -g3 -fno-omit-frame-pointer -Isrc/lib -c src/apps/calc.cpp -o build/debug/apps/calc.o
PROJ-debug> /nix/store/6n5r46icm0bl55s9p5z2zgcv93m39r5l-clang-wrapper-21.1.8/bin/clang++ -std=c++17 -Wall -Wextra -Wpedantic -Og -g3 -fno-omit-frame-pointer  build/debug/apps/calc.o -Lbuild/debug -lcalculator -o build/debug/calc
PROJ-debug> /nix/store/6n5r46icm0bl55s9p5z2zgcv93m39r5l-clang-wrapper-21.1.8/bin/clang++ -std=c++17 -Wall -Wextra -Wpedantic -Og -g3 -fno-omit-frame-pointer -Isrc/lib -c src/apps/demo.cpp -o build/debug/apps/demo.o
PROJ-debug> /nix/store/6n5r46icm0bl55s9p5z2zgcv93m39r5l-clang-wrapper-21.1.8/bin/clang++ -std=c++17 -Wall -Wextra -Wpedantic -Og -g3 -fno-omit-frame-pointer  build/debug/apps/demo.o -Lbuild/debug -lcalculator -o build/debug/demo
PROJ-debug> mkdir -p build/debug/tests
PROJ-debug> /nix/store/6n5r46icm0bl55s9p5z2zgcv93m39r5l-clang-wrapper-21.1.8/bin/clang++ -std=c++17 -Wall -Wextra -Wpedantic -Og -g3 -fno-omit-frame-pointer -Isrc/lib -c tests/test_calculator.cpp -o build/debug/tests/test_calculator.o
PROJ-debug> /nix/store/6n5r46icm0bl55s9p5z2zgcv93m39r5l-clang-wrapper-21.1.8/bin/clang++ -std=c++17 -Wall -Wextra -Wpedantic -Og -g3 -fno-omit-frame-pointer  build/debug/tests/test_calculator.o -Lbuild/debug -lcalculator -o build/debug/test_calculator
PROJ-debug> Running phase: installPhase
PROJ-debug> Running phase: fixupPhase
PROJ-debug> shrinking RPATHs of ELF executables and libraries in /nix/store/srrgm6basmkbv51gpf7dsrm7n97qmsc9-PROJ-debug-0.0.0-113d6a3
PROJ-debug> shrinking /nix/store/srrgm6basmkbv51gpf7dsrm7n97qmsc9-PROJ-debug-0.0.0-113d6a3/bin/calc
PROJ-debug> shrinking /nix/store/srrgm6basmkbv51gpf7dsrm7n97qmsc9-PROJ-debug-0.0.0-113d6a3/bin/test_calculator
PROJ-debug> shrinking /nix/store/srrgm6basmkbv51gpf7dsrm7n97qmsc9-PROJ-debug-0.0.0-113d6a3/bin/demo
PROJ-debug> checking for references to /build/ in /nix/store/srrgm6basmkbv51gpf7dsrm7n97qmsc9-PROJ-debug-0.0.0-113d6a3...
PROJ-debug> patching script interpreter paths in /nix/store/srrgm6basmkbv51gpf7dsrm7n97qmsc9-PROJ-debug-0.0.0-113d6a3
PROJ-debug> stripping (with command strip and flags -S -p) in  /nix/store/srrgm6basmkbv51gpf7dsrm7n97qmsc9-PROJ-debug-0.0.0-113d6a3/lib /nix/store/srrgm6basmkbv51gpf7dsrm7n97qmsc9-PROJ-debug-0.0.0-113d6a3/bin
